<?xml version="1.0" encoding="UTF-8"?>
<!-- Generated by org.testng.reporters.JUnitReportReporter -->
<testsuite hostname="LenovoThinkCentre" failures="0" tests="4" name="testlayer.LoginTest" time="22.645" errors="0" timestamp="2023-04-25T16:02:37 EDT" skipped="0">
  <testcase classname="testlayer.LoginTest" name="checkPageTitle" time="5.260"/>
  <system-out/>
  <testcase classname="testlayer.LoginTest" name="Login" time="5.814"/>
  <system-out/>
  <testcase classname="testlayer.LoginTest" name="Login" time="5.659"/>
  <system-out/>
  <testcase classname="testlayer.LoginTest" name="Login" time="5.912"/>
  <system-out/>
</testsuite> <!-- testlayer.LoginTest -->
